<?xml version="1.0" encoding="UTF-8"?>
<testng-results ignored="0" total="1" passed="1" failed="0" skipped="0">
  <reporter-output>
  </reporter-output>
  <suite started-at="2025-11-12T14:35:08 IST" name="Default suite" finished-at="2025-11-12T14:35:19 IST" duration-ms="11492">
    <groups>
      <group name="cucumber">
        <method signature="AbstractTestNGCucumberTests.runScenario(io.cucumber.testng.PickleWrapper,io.cucumber.testng.FeatureWrapper)[pri:0, instance:OrangeHRMTestRunner.OrangeHRMTestRunner@20d525]" name="runScenario" class="io.cucumber.testng.AbstractTestNGCucumberTests"/>
      </group> <!-- cucumber -->
    </groups>
    <test started-at="2025-11-12T14:35:08 IST" name="Default test" finished-at="2025-11-12T14:35:19 IST" duration-ms="11492">
      <class name="OrangeHRMTestRunner.OrangeHRMTestRunner">
        <test-method is-config="true" signature="setUpClass(org.testng.ITestContext)[pri:0, instance:OrangeHRMTestRunner.OrangeHRMTestRunner@20d525]" started-at="2025-11-12T14:35:08 IST" name="setUpClass" finished-at="2025-11-12T14:35:08 IST" duration-ms="587" status="PASS">
          <params>
            <param index="0">
              <value>
                <![CDATA[org.testng.TestRunner@5432c277]]>
              </value>
            </param>
          </params>
          <reporter-output>
          </reporter-output>
        </test-method> <!-- setUpClass -->
        <test-method signature="runScenario(io.cucumber.testng.PickleWrapper,io.cucumber.testng.FeatureWrapper)[pri:0, instance:OrangeHRMTestRunner.OrangeHRMTestRunner@20d525]" started-at="2025-11-12T14:35:08 IST" name="runScenario" description="Runs Cucumber Scenarios" data-provider="scenarios" finished-at="2025-11-12T14:35:19 IST" duration-ms="10801" status="PASS">
          <params>
            <param index="0">
              <value>
                <![CDATA["verify userdisplay the Required error message only under password fieldd"]]>
              </value>
            </param>
            <param index="1">
              <value>
                <![CDATA["OrangeHRM application"]]>
              </value>
            </param>
          </params>
          <reporter-output>
          </reporter-output>
        </test-method> <!-- runScenario -->
        <test-method is-config="true" signature="tearDownClass()[pri:0, instance:OrangeHRMTestRunner.OrangeHRMTestRunner@20d525]" started-at="2025-11-12T14:35:19 IST" name="tearDownClass" finished-at="2025-11-12T14:35:19 IST" duration-ms="53" status="PASS">
          <reporter-output>
          </reporter-output>
        </test-method> <!-- tearDownClass -->
      </class> <!-- OrangeHRMTestRunner.OrangeHRMTestRunner -->
    </test> <!-- Default test -->
  </suite> <!-- Default suite -->
</testng-results>
